---
  0 debug pnpm:scope: 
    selected: 1
    workspacePrefix: null
  1 info pnpm: 
    message: "A store server is running. All store manipulations are delegated to it."
    prefix: "/app"
  2 debug pnpm:package-json: 
    initial: 
      name: "glitch-twitterbot"
      version: "0.0.1"
      description: "Beep beep tweet!"
      main: "server.js"
      scripts: 
        start: "node server.js"
      dependencies: 
        axios: "^0.27.2"
        cheerio: "^0.22.0"
        consola: "^2.15.3"
        cron: "^2.1.0"
        dotenv: "^16.0.1"
        encoding: "^0.1.13"
        eventemitter3: "^4.0.7"
        express: "^4.18.1"
        ffmetadata: "^1.7.0"
        fs: "^0.0.2"
        get-video-duration: "^4.1.0"
        got: "^12.4.1"
        http: "^0.0.0"
        iconv-lite: "^0.6.3"
        node-fetch: "^3.2.10"
        path: "^0.12.7"
        random-puppy: "^1.1.0"
        random-reddit: "^2.0.3"
        reddit-image-fetcher: "^2.0.11"
        reddit-interfaces: "^1.0.7"
        request: "^2.88.2"
        simple-mem-cache: "^0.2.0"
        twit: "^2.2.11"
        twitter: "^1.7.1"
        twitter-api-client: "^1.6.1"
        twitter-api-v2: "^1.12.7"
        twitter-trends-scraper: "^1.0.0"
        twitter-video: "^2.0.0"
        twittertrendsapi.js: "^1.0.0"
        unique-random-array: "^3.0.0"
      engines: 
        node: "10.24.1"
      repository: 
        url: ""
      keywords: 
        - "node"
        - "glitch"
        - "twitter"
        - "twitterbot"
        - "bot"
      license: "MIT"
      gitHead: "66d67f2616aa669c18808921b9a531a896a21067"
      readme: "# Hello Node!\n\nThis project includes a Node.js server script and a web page that connects to it. The front-end page presents a form the visitor can use to submit a color name, sending the submitted value to the back-end API running on the server. The server returns info to the page that allows it to update the display with the chosen color. 🎨\n\n[Node.js](https://nodejs.org/en/about/) is a popular runtime that lets you run server-side JavaScript. This project uses the [Fastify](https://www.fastify.io/) framework and explores basic templating with [Handlebars](https://handlebarsjs.com/).\n\n## Prerequisites\n\nYou'll get best use out of this project if you're familiar with basic JavaScript. If you've written JavaScript for client-side web pages this is a little different because it uses server-side JS, but the syntax is the same!\n\n## What's in this project?\n\n← `README.md`: That’s this file, where you can tell people what your cool website does and how you built it.\n\n← `public/style.css`: The styling rules for the pages in your site.\n\n← `server.js`: The **Node.js** server script for your new site. The JavaScript defines the endpoints in the site back-end, one to return the homepage and one to update with the submitted color. Each one sends data to a Handlebars template which builds these parameter values into the web page the visitor sees.\n\n← `package.json`: The NPM packages for your project's dependencies.\n\n← `src/`: This folder holds the site template along with some basic data files.\n\n← `src/pages/index.hbs`: This is the main page template for your site. The template receives parameters from the server script, which it includes in the page HTML. The page sends the user submitted color value in the body of a request, or as a query parameter to choose a random color.\n\n← `src/colors.json`: A collection of CSS color names. We use this in the server script to pick a random color, and to match searches against color names.\n\n← `src/seo.json`: When you're ready to share your new site or add a custom domain, change SEO/meta settings in here.\n\n## Try this next 🏗️\n\nTake a look in `TODO.md` for next steps you can try out in your new site!\n\n___Want a minimal version of this project to build your own Node.js app? Check out [Blank Node](https://glitch.com/edit/#!/remix/glitch-blank-node)!___\n\n![Glitch](https://cdn.glitch.com/a9975ea6-8949-4bab-addb-8a95021dc2da%2FLogo_Color.svg?v=1602781328576)\n\n## You built this with Glitch!\n\n[Glitch](https://glitch.com) is a friendly community where millions of people come together to build web apps and websites.\n\n- Need more help? [Check out our Help Center](https://help.glitch.com/) for answers to any common questions.\n- Ready to make it official? [Become a paid Glitch member](https://glitch.com/pricing) to boost your app with private sharing, more storage and memory, domains and more.\n"
      readmeFilename: "README.md"
      _id: "glitch-twitterbot@0.0.1"
    prefix: "/app"
  3 error pnpm: 
    message: 
      code: "SHRINKWRAP_BREAKING_CHANGE"
      filename: "/app/shrinkwrap.yaml"
    err: 
      name: "Error"
      message: "Shrinkwrap file /app/shrinkwrap.yaml not compatible with current pnpm"
      code: "SHRINKWRAP_BREAKING_CHANGE"
      stack: "Error: Shrinkwrap file /app/shrinkwrap.yaml not compatible with current pnpm\n    at /opt/nvm/versions/node/v10.24.1/lib/node_modules/pnpm/lib/node_modules/@pnpm/shrinkwrap-file/lib/read.js:88:15\n    at Generator.next (<anonymous>)\n    at fulfilled (/opt/nvm/versions/node/v10.24.1/lib/node_modules/pnpm/lib/node_modules/@pnpm/shrinkwrap-file/lib/read.js:4:58)"
